<?xml version="1.0" encoding="UTF-8"?>
<!-- Generated by org.testng.reporters.JUnitReportReporter -->
<testsuite skipped="0" hostname="DESKTOP-5PEJHGA" name="qa_test.Test4" tests="1" failures="0" timestamp="23 апр 2020 13:49:19 GMT" time="49.771" errors="0">
  <testcase name="juicerPowerTest" time="49.771" classname="qa_test.Test4"/>
</testsuite> <!-- qa_test.Test4 -->
