<?xml version="1.0" encoding="UTF-8"?>
<!-- Generated by org.testng.reporters.JUnitReportReporter -->
<testsuite skipped="0" hostname="DESKTOP-5PEJHGA" name="qa_test.Test1" tests="1" failures="0" timestamp="23 апр 2020 13:49:19 GMT" time="23.492" errors="0">
  <testcase name="loginTest" time="23.492" classname="qa_test.Test1"/>
</testsuite> <!-- qa_test.Test1 -->
